mode: set
meli-product-api/internal/application/usecases/search_products.go:14.84,16.2 1 1
meli-product-api/internal/application/usecases/search_products.go:18.81,20.16 2 1
meli-product-api/internal/application/usecases/search_products.go:20.16,22.3 1 0
meli-product-api/internal/application/usecases/search_products.go:24.2,27.24 3 1
meli-product-api/internal/application/usecases/search_products.go:27.24,28.107 1 1
meli-product-api/internal/application/usecases/search_products.go:28.107,30.4 1 1
meli-product-api/internal/application/usecases/search_products.go:33.2,33.20 1 1
meli-product-api/internal/config/config.go:14.27,22.2 3 1
meli-product-api/internal/config/config.go:25.46,26.48 1 1
meli-product-api/internal/config/config.go:26.48,28.3 1 0
meli-product-api/internal/config/config.go:29.2,29.21 1 1
meli-product-api/internal/config/logger.go:12.19,14.2 1 0
meli-product-api/internal/application/queries/product_queries.go:14.80,16.2 1 1
meli-product-api/internal/application/queries/product_queries.go:18.66,20.2 1 1
meli-product-api/internal/application/queries/product_queries.go:28.80,30.2 1 1
meli-product-api/internal/application/queries/product_queries.go:32.74,34.2 1 1
meli-product-api/internal/infrastructure/handler/product_handler.go:19.155,25.2 1 1
meli-product-api/internal/infrastructure/handler/product_handler.go:28.159,34.2 4 1
meli-product-api/internal/infrastructure/handler/product_handler.go:37.61,40.16 3 1
meli-product-api/internal/infrastructure/handler/product_handler.go:40.16,43.3 2 0
meli-product-api/internal/infrastructure/handler/product_handler.go:44.2,45.25 2 1
meli-product-api/internal/infrastructure/handler/product_handler.go:49.61,55.16 4 1
meli-product-api/internal/infrastructure/handler/product_handler.go:55.16,58.3 2 1
meli-product-api/internal/infrastructure/handler/product_handler.go:59.2,60.24 2 1
meli-product-api/internal/infrastructure/handler/product_handler.go:64.61,67.13 3 1
meli-product-api/internal/infrastructure/handler/product_handler.go:67.13,70.3 2 1
meli-product-api/internal/infrastructure/handler/product_handler.go:72.2,73.16 2 1
meli-product-api/internal/infrastructure/handler/product_handler.go:73.16,76.3 2 0
meli-product-api/internal/infrastructure/handler/product_handler.go:78.2,79.23 2 1
meli-product-api/internal/infrastructure/repository/json_repository.go:18.68,22.2 1 1
meli-product-api/internal/infrastructure/repository/json_repository.go:25.67,27.16 2 1
meli-product-api/internal/infrastructure/repository/json_repository.go:27.16,29.3 1 1
meli-product-api/internal/infrastructure/repository/json_repository.go:31.2,32.56 2 1
meli-product-api/internal/infrastructure/repository/json_repository.go:32.56,34.3 1 0
meli-product-api/internal/infrastructure/repository/json_repository.go:36.2,36.22 1 1
meli-product-api/internal/infrastructure/repository/json_repository.go:40.76,42.16 2 1
meli-product-api/internal/infrastructure/repository/json_repository.go:42.16,44.3 1 1
meli-product-api/internal/infrastructure/repository/json_repository.go:46.2,46.29 1 1
meli-product-api/internal/infrastructure/repository/json_repository.go:46.29,47.17 1 1
meli-product-api/internal/infrastructure/repository/json_repository.go:47.17,49.4 1 1
meli-product-api/internal/infrastructure/repository/json_repository.go:52.2,52.64 1 1
